  [1m[36m (122.8ms)[0m  [1mCREATE TABLE `schema_migrations` (`version` varchar(255) NOT NULL) ENGINE=InnoDB[0m
  [1m[35m (246.3ms)[0m  CREATE UNIQUE INDEX `unique_schema_migrations` ON `schema_migrations` (`version`)
  [1m[36m (0.2ms)[0m  [1mSELECT `schema_migrations`.`version` FROM `schema_migrations` [0m
Migrating to DeviseCreateUsers (20120816083445)
  [1m[35m (118.8ms)[0m  CREATE TABLE `users` (`id` int(11) DEFAULT NULL auto_increment PRIMARY KEY, `email` varchar(255) DEFAULT '' NOT NULL, `encrypted_password` varchar(255) DEFAULT '' NOT NULL, `reset_password_token` varchar(255), `reset_password_sent_at` datetime, `remember_created_at` datetime, `sign_in_count` int(11) DEFAULT 0, `current_sign_in_at` datetime, `last_sign_in_at` datetime, `current_sign_in_ip` varchar(255), `last_sign_in_ip` varchar(255), `created_at` datetime NOT NULL, `updated_at` datetime NOT NULL) ENGINE=InnoDB
  [1m[36m (301.5ms)[0m  [1mCREATE UNIQUE INDEX `index_users_on_email` ON `users` (`email`)[0m
  [1m[35m (246.4ms)[0m  CREATE UNIQUE INDEX `index_users_on_reset_password_token` ON `users` (`reset_password_token`)
  [1m[36m (249.2ms)[0m  [1mALTER TABLE `users` ADD `name` varchar(255)[0m
  [1m[35m (236.2ms)[0m  ALTER TABLE `users` ADD `admin` tinyint(1) DEFAULT 0
  [1m[36m (247.6ms)[0m  [1mALTER TABLE `users` ADD `role` mediumint DEFAULT 0[0m
  [1m[35m (42.8ms)[0m  INSERT INTO `schema_migrations` (`version`) VALUES ('20120816083445')
  [1m[36m (0.2ms)[0m  [1mSELECT `schema_migrations`.`version` FROM `schema_migrations` [0m


Started GET "/" for 127.0.0.1 at 2012-08-16 16:41:18 +0800
Processing by HomeController#index as HTML
  Rendered home/index.html.erb within layouts/application (7.8ms)
Compiled home.css  (53ms)  (pid 15002)
Compiled application.css  (107ms)  (pid 15002)
Compiled jquery.js  (3ms)  (pid 15002)
Compiled jquery_ujs.js  (0ms)  (pid 15002)
Compiled home.js  (605ms)  (pid 15002)
Compiled application.js  (848ms)  (pid 15002)
Completed 500 Internal Server Error in 1286ms

ActionView::Template::Error (undefined local variable or method `students_path' for #<#<Class:0xa0b9190>:0x98dab18>):
    25:           <ul>
    26: 
    27:             <li>
    28:               <%= link_to "学生管理", students_path %>
    29:             </li>
    30: 
    31:             <li>
  app/views/layouts/application.html.erb:28:in `_app_views_layouts_application_html_erb__38118524_76550410'


  Rendered /home/ryan/.rvm/gems/ruby-1.9.3-p125@rails3.2.3/gems/actionpack-3.2.3/lib/action_dispatch/middleware/templates/rescues/_trace.erb (6.4ms)
  Rendered /home/ryan/.rvm/gems/ruby-1.9.3-p125@rails3.2.3/gems/actionpack-3.2.3/lib/action_dispatch/middleware/templates/rescues/_request_and_response.erb (1.9ms)
  Rendered /home/ryan/.rvm/gems/ruby-1.9.3-p125@rails3.2.3/gems/actionpack-3.2.3/lib/action_dispatch/middleware/templates/rescues/template_error.erb within rescues/layout (20.2ms)


Started GET "/" for 127.0.0.1 at 2012-08-16 16:45:21 +0800
Processing by HomeController#index as HTML
  Rendered home/index.html.erb within layouts/application (0.1ms)
Completed 200 OK in 55ms (Views: 54.6ms | ActiveRecord: 0.0ms)


Started GET "/assets/application.css?body=1" for 127.0.0.1 at 2012-08-16 16:45:21 +0800
Served asset /application.css - 200 OK (13ms)


Started GET "/assets/home.css?body=1" for 127.0.0.1 at 2012-08-16 16:45:21 +0800
Served asset /home.css - 200 OK (2ms)


Started GET "/assets/jquery.js?body=1" for 127.0.0.1 at 2012-08-16 16:45:21 +0800
Served asset /jquery.js - 200 OK (5ms)


Started GET "/assets/application.js?body=1" for 127.0.0.1 at 2012-08-16 16:45:21 +0800
Served asset /application.js - 200 OK (16ms)


Started GET "/assets/home.js?body=1" for 127.0.0.1 at 2012-08-16 16:45:21 +0800
Served asset /home.js - 200 OK (4ms)


Started GET "/assets/jquery_ujs.js?body=1" for 127.0.0.1 at 2012-08-16 16:45:21 +0800
Served asset /jquery_ujs.js - 200 OK (3ms)


Started GET "/users/sign_in" for 127.0.0.1 at 2012-08-16 16:45:23 +0800
Processing by Devise::SessionsController#new as HTML
  Parameters: {"authenticity_token"=>"biAUJWKRhXRzLq59BRXmd47K7ORVw+KA7pdVnqDbpLc="}
  Rendered /home/ryan/.rvm/gems/ruby-1.9.3-p125@rails3.2.3/gems/devise-2.1.2/app/views/devise/shared/_links.erb (3.1ms)
  Rendered /home/ryan/.rvm/gems/ruby-1.9.3-p125@rails3.2.3/gems/devise-2.1.2/app/views/devise/sessions/new.html.erb within layouts/application (78.5ms)
Completed 200 OK in 332ms (Views: 220.0ms | ActiveRecord: 1.5ms)


Started GET "/users/sign_in" for 127.0.0.1 at 2012-08-16 16:45:27 +0800
Processing by Devise::SessionsController#new as HTML
  Parameters: {"authenticity_token"=>"biAUJWKRhXRzLq59BRXmd47K7ORVw+KA7pdVnqDbpLc="}
  Rendered /home/ryan/.rvm/gems/ruby-1.9.3-p125@rails3.2.3/gems/devise-2.1.2/app/views/devise/shared/_links.erb (1.2ms)
  Rendered /home/ryan/.rvm/gems/ruby-1.9.3-p125@rails3.2.3/gems/devise-2.1.2/app/views/devise/sessions/new.html.erb within layouts/application (8.5ms)
Completed 200 OK in 21ms (Views: 19.7ms | ActiveRecord: 0.0ms)


Started GET "/users/sign_in" for 127.0.0.1 at 2012-08-16 16:51:16 +0800
Processing by Devise::SessionsController#new as HTML
  Rendered /home/ryan/.rvm/gems/ruby-1.9.3-p125@rails3.2.3/gems/devise-2.1.2/app/views/devise/shared/_links.erb (1.2ms)
  Rendered /home/ryan/.rvm/gems/ruby-1.9.3-p125@rails3.2.3/gems/devise-2.1.2/app/views/devise/sessions/new.html.erb within layouts/application (9.6ms)
Completed 500 Internal Server Error in 27ms

ActionView::Template::Error (undefined method `staticfile_server_url' for #<Rails::Application::Configuration:0x9d09964>):
    4:   <title>Xmams</title>
    5:     <%= stylesheet_link_tag    "application", :media => "all" %>
    6:     <%= javascript_include_tag "application" %>
    7:     <script type="text/javascript" src="<%= Xmams::Application.config.staticfile_server_url %>jquery/jquery_1.7.1.min.js"></script>
    8:     <link rel="stylesheet" href="<%= Xmams::Application.config.staticfile_server_url %>style.css" type="text/css"/>
    9:     <%= csrf_meta_tags %>
    10:   </head>
  app/views/layouts/application.html.erb:7:in `_app_views_layouts_application_html_erb__38118524_89592400'


  Rendered /home/ryan/.rvm/gems/ruby-1.9.3-p125@rails3.2.3/gems/actionpack-3.2.3/lib/action_dispatch/middleware/templates/rescues/_trace.erb (7.5ms)
  Rendered /home/ryan/.rvm/gems/ruby-1.9.3-p125@rails3.2.3/gems/actionpack-3.2.3/lib/action_dispatch/middleware/templates/rescues/_request_and_response.erb (2.1ms)
  Rendered /home/ryan/.rvm/gems/ruby-1.9.3-p125@rails3.2.3/gems/actionpack-3.2.3/lib/action_dispatch/middleware/templates/rescues/template_error.erb within rescues/layout (46.1ms)


Started GET "/users/sign_in" for 127.0.0.1 at 2012-08-16 16:55:42 +0800
Processing by Devise::SessionsController#new as HTML
  Rendered /home/ryan/.rvm/gems/ruby-1.9.3-p125@rails3.2.3/gems/devise-2.1.2/app/views/devise/shared/_links.erb (3.0ms)
  Rendered /home/ryan/.rvm/gems/ruby-1.9.3-p125@rails3.2.3/gems/devise-2.1.2/app/views/devise/sessions/new.html.erb within layouts/application (38.3ms)
Completed 200 OK in 200ms (Views: 111.9ms | ActiveRecord: 1.6ms)


Started GET "/assets/home.css?body=1" for 127.0.0.1 at 2012-08-16 16:55:42 +0800
Served asset /home.css - 304 Not Modified (5ms)


Started GET "/assets/application.css?body=1" for 127.0.0.1 at 2012-08-16 16:55:42 +0800
Served asset /application.css - 304 Not Modified (4ms)


Started GET "/assets/home.js?body=1" for 127.0.0.1 at 2012-08-16 16:55:42 +0800
Served asset /home.js - 304 Not Modified (2ms)


Started GET "/assets/application.js?body=1" for 127.0.0.1 at 2012-08-16 16:55:42 +0800
Served asset /application.js - 304 Not Modified (24ms)


Started GET "/users/sign_in" for 127.0.0.1 at 2012-08-16 16:56:59 +0800
Processing by Devise::SessionsController#new as HTML
  Rendered /home/ryan/.rvm/gems/ruby-1.9.3-p125@rails3.2.3/gems/devise-2.1.2/app/views/devise/shared/_links.erb (3.1ms)
  Rendered /home/ryan/.rvm/gems/ruby-1.9.3-p125@rails3.2.3/gems/devise-2.1.2/app/views/devise/sessions/new.html.erb within layouts/application (347.0ms)
Completed 200 OK in 536ms (Views: 445.5ms | ActiveRecord: 1.7ms)


Started GET "/assets/application.css?body=1" for 127.0.0.1 at 2012-08-16 16:57:00 +0800
Served asset /application.css - 304 Not Modified (14ms)


Started GET "/assets/home.css?body=1" for 127.0.0.1 at 2012-08-16 16:57:00 +0800
Served asset /home.css - 304 Not Modified (2ms)


Started GET "/assets/application.js?body=1" for 127.0.0.1 at 2012-08-16 16:57:00 +0800
Served asset /application.js - 304 Not Modified (17ms)


Started GET "/assets/home.js?body=1" for 127.0.0.1 at 2012-08-16 16:57:00 +0800
Served asset /home.js - 304 Not Modified (8ms)


Started GET "/users/sign_up" for 127.0.0.1 at 2012-08-16 16:57:03 +0800
Processing by Devise::RegistrationsController#new as HTML
  Rendered /home/ryan/.rvm/gems/ruby-1.9.3-p125@rails3.2.3/gems/devise-2.1.2/app/views/devise/shared/_links.erb (1.4ms)
  Rendered /home/ryan/.rvm/gems/ruby-1.9.3-p125@rails3.2.3/gems/devise-2.1.2/app/views/devise/registrations/new.html.erb within layouts/application (9.8ms)
Completed 200 OK in 35ms (Views: 33.7ms | ActiveRecord: 0.0ms)


Started GET "/assets/application.css?body=1" for 127.0.0.1 at 2012-08-16 16:57:03 +0800
Served asset /application.css - 304 Not Modified (1ms)


Started GET "/assets/home.js?body=1" for 127.0.0.1 at 2012-08-16 16:57:03 +0800
Served asset /home.js - 304 Not Modified (0ms)


Started GET "/assets/application.js?body=1" for 127.0.0.1 at 2012-08-16 16:57:03 +0800
Served asset /application.js - 304 Not Modified (2ms)


Started GET "/assets/home.css?body=1" for 127.0.0.1 at 2012-08-16 16:57:03 +0800
Served asset /home.css - 304 Not Modified (0ms)


Started POST "/users" for 127.0.0.1 at 2012-08-16 16:57:19 +0800
Processing by Devise::RegistrationsController#create as HTML
  Parameters: {"utf8"=>"✓", "authenticity_token"=>"biAUJWKRhXRzLq59BRXmd47K7ORVw+KA7pdVnqDbpLc=", "user"=>{"email"=>"zhanghuaxun@xiaoma.com", "password"=>"[FILTERED]", "password_confirmation"=>"[FILTERED]"}, "commit"=>"Sign up"}
  [1m[36m (0.1ms)[0m  [1mBEGIN[0m
  [1m[35mUser Exists (22.1ms)[0m  SELECT 1 FROM `users` WHERE `users`.`email` = BINARY 'zhanghuaxun@xiaoma.com' LIMIT 1
  [1m[36mSQL (0.3ms)[0m  [1mINSERT INTO `users` (`admin`, `created_at`, `current_sign_in_at`, `current_sign_in_ip`, `email`, `encrypted_password`, `last_sign_in_at`, `last_sign_in_ip`, `name`, `remember_created_at`, `reset_password_sent_at`, `reset_password_token`, `role`, `sign_in_count`, `updated_at`) VALUES (0, '2012-08-16 16:57:19', NULL, NULL, 'zhanghuaxun@xiaoma.com', '$2a$10$dpF8tnY3t8leXy2Fq.hlYOtWHOLMnKYm91XzS2L8ui3v7Cc8ecXXa', NULL, NULL, NULL, NULL, NULL, NULL, 0, 0, '2012-08-16 16:57:19')[0m
  [1m[35m (57.4ms)[0m  COMMIT
  [1m[36m (0.1ms)[0m  [1mBEGIN[0m
  [1m[35m (31.7ms)[0m  UPDATE `users` SET `last_sign_in_at` = '2012-08-16 16:57:20', `current_sign_in_at` = '2012-08-16 16:57:20', `last_sign_in_ip` = '127.0.0.1', `current_sign_in_ip` = '127.0.0.1', `sign_in_count` = 1, `updated_at` = '2012-08-16 16:57:20' WHERE `users`.`id` = 1
  [1m[36m (41.3ms)[0m  [1mCOMMIT[0m
Redirected to http://localhost:3000/
Completed 302 Found in 461ms (ActiveRecord: 0.0ms)


Started GET "/" for 127.0.0.1 at 2012-08-16 16:57:20 +0800
Processing by HomeController#index as HTML
  Rendered home/index.html.erb within layouts/application (0.6ms)
  [1m[35mUser Load (0.4ms)[0m  SELECT `users`.* FROM `users` WHERE `users`.`id` = 1 LIMIT 1
Completed 500 Internal Server Error in 73ms

ActionView::Template::Error (undefined method `rolename' for #<User:0xa29cae8>):
    15:       <div class="bd">
    16:         <div class="top-nav-info">
    17:           <% if user_signed_in? %>
    18:                       您好,<%= current_user.name %>,[我的职位是<%= current_user.rolename %>]
    19:             <%= link_to "[退出]", destroy_user_session_path, :method => :delete %>
    20:           <% else %>
    21:             <%= link_to "[登录]", new_user_session_path, :method => :get %>
  app/views/layouts/application.html.erb:18:in `_app_views_layouts_application_html_erb___629498381_84144360'


  Rendered /home/ryan/.rvm/gems/ruby-1.9.3-p125@rails3.2.3/gems/actionpack-3.2.3/lib/action_dispatch/middleware/templates/rescues/_trace.erb (30.3ms)
  Rendered /home/ryan/.rvm/gems/ruby-1.9.3-p125@rails3.2.3/gems/actionpack-3.2.3/lib/action_dispatch/middleware/templates/rescues/_request_and_response.erb (2.2ms)
  Rendered /home/ryan/.rvm/gems/ruby-1.9.3-p125@rails3.2.3/gems/actionpack-3.2.3/lib/action_dispatch/middleware/templates/rescues/template_error.erb within rescues/layout (43.1ms)


Started GET "/" for 127.0.0.1 at 2012-08-16 16:57:38 +0800
Processing by HomeController#index as HTML
  Rendered home/index.html.erb within layouts/application (0.1ms)
  [1m[36mUser Load (0.5ms)[0m  [1mSELECT `users`.* FROM `users` WHERE `users`.`id` = 1 LIMIT 1[0m
Completed 200 OK in 26ms (Views: 25.1ms | ActiveRecord: 0.5ms)


Started GET "/assets/application.css?body=1" for 127.0.0.1 at 2012-08-16 16:57:38 +0800
Served asset /application.css - 304 Not Modified (1ms)


Started GET "/assets/jquery.js?body=1" for 127.0.0.1 at 2012-08-16 16:57:38 +0800
Served asset /jquery.js - 304 Not Modified (4ms)


Started GET "/assets/jquery_ujs.js?body=1" for 127.0.0.1 at 2012-08-16 16:57:38 +0800
Served asset /jquery_ujs.js - 304 Not Modified (11ms)


Started GET "/assets/home.js?body=1" for 127.0.0.1 at 2012-08-16 16:57:38 +0800
Served asset /home.js - 304 Not Modified (0ms)


Started GET "/assets/application.js?body=1" for 127.0.0.1 at 2012-08-16 16:57:38 +0800
Served asset /application.js - 304 Not Modified (2ms)


Started GET "/assets/home.css?body=1" for 127.0.0.1 at 2012-08-16 16:57:38 +0800
Served asset /home.css - 304 Not Modified (0ms)


Started GET "/" for 127.0.0.1 at 2012-08-16 16:58:00 +0800
Processing by HomeController#index as HTML
  Rendered home/index.html.erb within layouts/application (0.1ms)
  [1m[35mUser Load (0.2ms)[0m  SELECT `users`.* FROM `users` WHERE `users`.`id` = 1 LIMIT 1
Completed 200 OK in 20ms (Views: 19.4ms | ActiveRecord: 0.2ms)


Started GET "/assets/application.css?body=1" for 127.0.0.1 at 2012-08-16 16:58:00 +0800
Served asset /application.css - 304 Not Modified (1ms)


Started GET "/assets/home.css?body=1" for 127.0.0.1 at 2012-08-16 16:58:00 +0800
Served asset /home.css - 304 Not Modified (0ms)


Started GET "/assets/jquery.js?body=1" for 127.0.0.1 at 2012-08-16 16:58:00 +0800
Served asset /jquery.js - 304 Not Modified (1ms)


Started GET "/assets/jquery_ujs.js?body=1" for 127.0.0.1 at 2012-08-16 16:58:00 +0800
Served asset /jquery_ujs.js - 304 Not Modified (0ms)


Started GET "/assets/home.js?body=1" for 127.0.0.1 at 2012-08-16 16:58:00 +0800
Served asset /home.js - 304 Not Modified (0ms)


Started GET "/assets/application.js?body=1" for 127.0.0.1 at 2012-08-16 16:58:00 +0800
Served asset /application.js - 304 Not Modified (2ms)


Started DELETE "/users/sign_out" for 127.0.0.1 at 2012-08-16 17:01:54 +0800
Processing by Devise::SessionsController#destroy as HTML
  Parameters: {"authenticity_token"=>"biAUJWKRhXRzLq59BRXmd47K7ORVw+KA7pdVnqDbpLc="}
  [1m[36mUser Load (0.2ms)[0m  [1mSELECT `users`.* FROM `users` WHERE `users`.`id` = 1 LIMIT 1[0m
  [1m[35m (1.2ms)[0m  BEGIN
  [1m[36m (0.1ms)[0m  [1mCOMMIT[0m
Redirected to http://localhost:3000/
Completed 302 Found in 40ms (ActiveRecord: 1.5ms)


Started GET "/" for 127.0.0.1 at 2012-08-16 17:01:54 +0800
Processing by HomeController#index as HTML
  Rendered home/index.html.erb within layouts/application (0.1ms)
Completed 200 OK in 18ms (Views: 17.5ms | ActiveRecord: 0.0ms)


Started GET "/assets/application.css?body=1" for 127.0.0.1 at 2012-08-16 17:01:54 +0800
Served asset /application.css - 304 Not Modified (0ms)


Started GET "/assets/home.css?body=1" for 127.0.0.1 at 2012-08-16 17:01:54 +0800
Served asset /home.css - 304 Not Modified (0ms)


Started GET "/assets/jquery.js?body=1" for 127.0.0.1 at 2012-08-16 17:01:54 +0800
Served asset /jquery.js - 304 Not Modified (1ms)


Started GET "/assets/jquery_ujs.js?body=1" for 127.0.0.1 at 2012-08-16 17:01:54 +0800
Served asset /jquery_ujs.js - 304 Not Modified (0ms)


Started GET "/assets/home.js?body=1" for 127.0.0.1 at 2012-08-16 17:01:54 +0800
Served asset /home.js - 304 Not Modified (0ms)


Started GET "/assets/application.js?body=1" for 127.0.0.1 at 2012-08-16 17:01:54 +0800
Served asset /application.js - 304 Not Modified (2ms)
  [1m[36m (0.1ms)[0m  [1mSELECT `schema_migrations`.`version` FROM `schema_migrations` [0m
  [1m[35m (0.5ms)[0m  DROP DATABASE IF EXISTS `xmams_test`
  [1m[36m (0.2ms)[0m  [1mCREATE DATABASE `xmams_test` DEFAULT CHARACTER SET `utf8` COLLATE `utf8_unicode_ci`[0m
  [1m[35m (153.2ms)[0m  CREATE TABLE `users` (`id` int(11) DEFAULT NULL auto_increment PRIMARY KEY, `email` varchar(255) DEFAULT '' NOT NULL, `encrypted_password` varchar(255) DEFAULT '' NOT NULL, `reset_password_token` varchar(255), `reset_password_sent_at` datetime, `remember_created_at` datetime, `sign_in_count` int(11) DEFAULT 0, `current_sign_in_at` datetime, `last_sign_in_at` datetime, `current_sign_in_ip` varchar(255), `last_sign_in_ip` varchar(255), `created_at` datetime NOT NULL, `updated_at` datetime NOT NULL, `name` varchar(255), `admin` tinyint(1) DEFAULT 0, `role` mediumint DEFAULT 0) ENGINE=InnoDB
  [1m[36m (201.2ms)[0m  [1mCREATE UNIQUE INDEX `index_users_on_email` ON `users` (`email`)[0m
  [1m[35m (247.3ms)[0m  CREATE UNIQUE INDEX `index_users_on_reset_password_token` ON `users` (`reset_password_token`)
  [1m[36m (99.9ms)[0m  [1mCREATE TABLE `schema_migrations` (`version` varchar(255) NOT NULL) ENGINE=InnoDB[0m
  [1m[35m (224.4ms)[0m  CREATE UNIQUE INDEX `unique_schema_migrations` ON `schema_migrations` (`version`)
  [1m[36m (0.3ms)[0m  [1mSELECT version FROM `schema_migrations`[0m
  [1m[35m (42.4ms)[0m  INSERT INTO `schema_migrations` (version) VALUES ('20120816083445')
  [1m[36m (0.2ms)[0m  [1mSELECT `schema_migrations`.`version` FROM `schema_migrations` [0m
  [1m[35m (97.2ms)[0m  DROP DATABASE IF EXISTS `xmams_test`
  [1m[36m (0.2ms)[0m  [1mCREATE DATABASE `xmams_test` DEFAULT CHARACTER SET `utf8` COLLATE `utf8_unicode_ci`[0m
  [1m[35m (112.5ms)[0m  CREATE TABLE `users` (`id` int(11) DEFAULT NULL auto_increment PRIMARY KEY, `email` varchar(255) DEFAULT '' NOT NULL, `encrypted_password` varchar(255) DEFAULT '' NOT NULL, `reset_password_token` varchar(255), `reset_password_sent_at` datetime, `remember_created_at` datetime, `sign_in_count` int(11) DEFAULT 0, `current_sign_in_at` datetime, `last_sign_in_at` datetime, `current_sign_in_ip` varchar(255), `last_sign_in_ip` varchar(255), `created_at` datetime NOT NULL, `updated_at` datetime NOT NULL, `name` varchar(255), `admin` tinyint(1) DEFAULT 0, `role` mediumint DEFAULT 0) ENGINE=InnoDB
  [1m[36m (233.8ms)[0m  [1mCREATE UNIQUE INDEX `index_users_on_email` ON `users` (`email`)[0m
  [1m[35m (214.2ms)[0m  CREATE UNIQUE INDEX `index_users_on_reset_password_token` ON `users` (`reset_password_token`)
  [1m[36m (100.0ms)[0m  [1mCREATE TABLE `schema_migrations` (`version` varchar(255) NOT NULL) ENGINE=InnoDB[0m
  [1m[35m (247.2ms)[0m  CREATE UNIQUE INDEX `unique_schema_migrations` ON `schema_migrations` (`version`)
  [1m[36m (0.3ms)[0m  [1mSELECT version FROM `schema_migrations`[0m
  [1m[35m (53.9ms)[0m  INSERT INTO `schema_migrations` (version) VALUES ('20120816083445')


Started GET "/users/sign_in" for 127.0.0.1 at 2012-08-16 17:06:02 +0800
Processing by Devise::SessionsController#new as HTML
  Parameters: {"authenticity_token"=>"/fvEnkc2X7nUcqPK5+nAJzx4h2SHq2el6FqTQ8rf/Do="}
  Rendered /home/ryan/.rvm/gems/ruby-1.9.3-p125@rails3.2.3/gems/devise-2.1.2/app/views/devise/shared/_links.erb (3.3ms)
  Rendered /home/ryan/.rvm/gems/ruby-1.9.3-p125@rails3.2.3/gems/devise-2.1.2/app/views/devise/sessions/new.html.erb within layouts/application (373.1ms)
Completed 200 OK in 509ms (Views: 421.3ms | ActiveRecord: 1.5ms)


Started POST "/users/sign_in" for 127.0.0.1 at 2012-08-16 17:06:12 +0800
Processing by Devise::SessionsController#create as HTML
  Parameters: {"utf8"=>"✓", "authenticity_token"=>"/fvEnkc2X7nUcqPK5+nAJzx4h2SHq2el6FqTQ8rf/Do=", "user"=>{"email"=>"zhanghuaxun@xiaoma.com", "password"=>"[FILTERED]", "remember_me"=>"0"}, "commit"=>"Sign in"}
  [1m[36mUser Load (0.4ms)[0m  [1mSELECT `users`.* FROM `users` WHERE `users`.`email` = 'zhanghuaxun@xiaoma.com' LIMIT 1[0m
  [1m[35m (0.1ms)[0m  BEGIN
  [1m[36m (0.4ms)[0m  [1mUPDATE `users` SET `current_sign_in_at` = '2012-08-16 17:06:12', `sign_in_count` = 2, `updated_at` = '2012-08-16 17:06:12' WHERE `users`.`id` = 1[0m
  [1m[35m (65.6ms)[0m  COMMIT
Redirected to http://localhost:3000/
Completed 302 Found in 274ms (ActiveRecord: 0.0ms)


Started GET "/" for 127.0.0.1 at 2012-08-16 17:06:12 +0800
Processing by HomeController#index as HTML
  Rendered home/index.html.erb within layouts/application (0.6ms)
  [1m[36mUser Load (0.4ms)[0m  [1mSELECT `users`.* FROM `users` WHERE `users`.`id` = 1 LIMIT 1[0m
Completed 200 OK in 12ms (Views: 10.6ms | ActiveRecord: 0.4ms)
  [1m[36m (0.2ms)[0m  [1mSELECT `schema_migrations`.`version` FROM `schema_migrations` [0m
  [1m[35m (108.3ms)[0m  DROP DATABASE IF EXISTS `xmams_test`
  [1m[36m (0.2ms)[0m  [1mCREATE DATABASE `xmams_test` DEFAULT CHARACTER SET `utf8` COLLATE `utf8_unicode_ci`[0m
  [1m[35m (121.6ms)[0m  CREATE TABLE `users` (`id` int(11) DEFAULT NULL auto_increment PRIMARY KEY, `email` varchar(255) DEFAULT '' NOT NULL, `encrypted_password` varchar(255) DEFAULT '' NOT NULL, `reset_password_token` varchar(255), `reset_password_sent_at` datetime, `remember_created_at` datetime, `sign_in_count` int(11) DEFAULT 0, `current_sign_in_at` datetime, `last_sign_in_at` datetime, `current_sign_in_ip` varchar(255), `last_sign_in_ip` varchar(255), `created_at` datetime NOT NULL, `updated_at` datetime NOT NULL, `name` varchar(255), `admin` tinyint(1) DEFAULT 0, `role` mediumint DEFAULT 0) ENGINE=InnoDB
  [1m[36m (245.7ms)[0m  [1mCREATE UNIQUE INDEX `index_users_on_email` ON `users` (`email`)[0m
  [1m[35m (234.9ms)[0m  CREATE UNIQUE INDEX `index_users_on_reset_password_token` ON `users` (`reset_password_token`)
  [1m[36m (111.2ms)[0m  [1mCREATE TABLE `schema_migrations` (`version` varchar(255) NOT NULL) ENGINE=InnoDB[0m
  [1m[35m (234.6ms)[0m  CREATE UNIQUE INDEX `unique_schema_migrations` ON `schema_migrations` (`version`)
  [1m[36m (0.3ms)[0m  [1mSELECT version FROM `schema_migrations`[0m
  [1m[35m (54.1ms)[0m  INSERT INTO `schema_migrations` (version) VALUES ('20120816083445')
  [1m[36m (0.2ms)[0m  [1mSELECT `schema_migrations`.`version` FROM `schema_migrations` [0m
  [1m[35m (95.7ms)[0m  DROP DATABASE IF EXISTS `xmams_test`
  [1m[36m (0.2ms)[0m  [1mCREATE DATABASE `xmams_test` DEFAULT CHARACTER SET `utf8` COLLATE `utf8_unicode_ci`[0m
  [1m[35m (123.4ms)[0m  CREATE TABLE `users` (`id` int(11) DEFAULT NULL auto_increment PRIMARY KEY, `email` varchar(255) DEFAULT '' NOT NULL, `encrypted_password` varchar(255) DEFAULT '' NOT NULL, `reset_password_token` varchar(255), `reset_password_sent_at` datetime, `remember_created_at` datetime, `sign_in_count` int(11) DEFAULT 0, `current_sign_in_at` datetime, `last_sign_in_at` datetime, `current_sign_in_ip` varchar(255), `last_sign_in_ip` varchar(255), `created_at` datetime NOT NULL, `updated_at` datetime NOT NULL, `name` varchar(255), `admin` tinyint(1) DEFAULT 0, `role` mediumint DEFAULT 0) ENGINE=InnoDB
  [1m[36m (234.9ms)[0m  [1mCREATE UNIQUE INDEX `index_users_on_email` ON `users` (`email`)[0m
  [1m[35m (236.5ms)[0m  CREATE UNIQUE INDEX `index_users_on_reset_password_token` ON `users` (`reset_password_token`)
  [1m[36m (100.0ms)[0m  [1mCREATE TABLE `schema_migrations` (`version` varchar(255) NOT NULL) ENGINE=InnoDB[0m
  [1m[35m (258.5ms)[0m  CREATE UNIQUE INDEX `unique_schema_migrations` ON `schema_migrations` (`version`)
  [1m[36m (0.4ms)[0m  [1mSELECT version FROM `schema_migrations`[0m
  [1m[35m (64.3ms)[0m  INSERT INTO `schema_migrations` (version) VALUES ('20120816083445')
  [1m[36m (1.2ms)[0m  [1mSELECT `schema_migrations`.`version` FROM `schema_migrations` [0m
  [1m[36m (0.8ms)[0m  [1mSELECT `schema_migrations`.`version` FROM `schema_migrations` [0m
Migrating to DeviseCreateUsers (20120816083445)
Migrating to CreatePosts (20120817010300)
  [1m[35m (136.5ms)[0m  CREATE TABLE `posts` (`id` int(11) DEFAULT NULL auto_increment PRIMARY KEY, `title` varchar(255), `body` text, `name` varchar(255), `created_at` datetime NOT NULL, `updated_at` datetime NOT NULL) ENGINE=InnoDB
  [1m[36m (53.2ms)[0m  [1mINSERT INTO `schema_migrations` (`version`) VALUES ('20120817010300')[0m
  [1m[35m (1.1ms)[0m  SELECT `schema_migrations`.`version` FROM `schema_migrations` 
  [1m[36m (1.0ms)[0m  [1mSELECT `schema_migrations`.`version` FROM `schema_migrations` [0m
  [1m[35m (98.1ms)[0m  DROP DATABASE IF EXISTS `xmams_test`
  [1m[36m (0.3ms)[0m  [1mCREATE DATABASE `xmams_test` DEFAULT CHARACTER SET `utf8` COLLATE `utf8_unicode_ci`[0m
  [1m[35m (87.7ms)[0m  CREATE TABLE `posts` (`id` int(11) DEFAULT NULL auto_increment PRIMARY KEY, `title` varchar(255), `body` text, `name` varchar(255), `created_at` datetime NOT NULL, `updated_at` datetime NOT NULL) ENGINE=InnoDB
  [1m[36m (102.0ms)[0m  [1mCREATE TABLE `users` (`id` int(11) DEFAULT NULL auto_increment PRIMARY KEY, `email` varchar(255) DEFAULT '' NOT NULL, `encrypted_password` varchar(255) DEFAULT '' NOT NULL, `reset_password_token` varchar(255), `reset_password_sent_at` datetime, `remember_created_at` datetime, `sign_in_count` int(11) DEFAULT 0, `current_sign_in_at` datetime, `last_sign_in_at` datetime, `current_sign_in_ip` varchar(255), `last_sign_in_ip` varchar(255), `created_at` datetime NOT NULL, `updated_at` datetime NOT NULL, `name` varchar(255), `admin` tinyint(1) DEFAULT 0, `role` mediumint DEFAULT 0) ENGINE=InnoDB[0m
  [1m[35m (239.1ms)[0m  CREATE UNIQUE INDEX `index_users_on_email` ON `users` (`email`)
  [1m[36m (205.8ms)[0m  [1mCREATE UNIQUE INDEX `index_users_on_reset_password_token` ON `users` (`reset_password_token`)[0m
  [1m[35m (84.4ms)[0m  CREATE TABLE `schema_migrations` (`version` varchar(255) NOT NULL) ENGINE=InnoDB
  [1m[36m (234.3ms)[0m  [1mCREATE UNIQUE INDEX `unique_schema_migrations` ON `schema_migrations` (`version`)[0m
  [1m[35m (3.0ms)[0m  SELECT version FROM `schema_migrations`
  [1m[36m (42.9ms)[0m  [1mINSERT INTO `schema_migrations` (version) VALUES ('20120817010300')[0m
  [1m[35m (44.0ms)[0m  INSERT INTO `schema_migrations` (version) VALUES ('20120816083445')
  [1m[36m (0.9ms)[0m  [1mSELECT `schema_migrations`.`version` FROM `schema_migrations` [0m
  [1m[35m (146.9ms)[0m  DROP DATABASE IF EXISTS `xmams_test`
  [1m[36m (0.3ms)[0m  [1mCREATE DATABASE `xmams_test` DEFAULT CHARACTER SET `utf8` COLLATE `utf8_unicode_ci`[0m
  [1m[35m (118.8ms)[0m  CREATE TABLE `posts` (`id` int(11) DEFAULT NULL auto_increment PRIMARY KEY, `title` varchar(255), `body` text, `name` varchar(255), `created_at` datetime NOT NULL, `updated_at` datetime NOT NULL) ENGINE=InnoDB
  [1m[36m (108.3ms)[0m  [1mCREATE TABLE `users` (`id` int(11) DEFAULT NULL auto_increment PRIMARY KEY, `email` varchar(255) DEFAULT '' NOT NULL, `encrypted_password` varchar(255) DEFAULT '' NOT NULL, `reset_password_token` varchar(255), `reset_password_sent_at` datetime, `remember_created_at` datetime, `sign_in_count` int(11) DEFAULT 0, `current_sign_in_at` datetime, `last_sign_in_at` datetime, `current_sign_in_ip` varchar(255), `last_sign_in_ip` varchar(255), `created_at` datetime NOT NULL, `updated_at` datetime NOT NULL, `name` varchar(255), `admin` tinyint(1) DEFAULT 0, `role` mediumint DEFAULT 0) ENGINE=InnoDB[0m
  [1m[35m (241.1ms)[0m  CREATE UNIQUE INDEX `index_users_on_email` ON `users` (`email`)
  [1m[36m (231.6ms)[0m  [1mCREATE UNIQUE INDEX `index_users_on_reset_password_token` ON `users` (`reset_password_token`)[0m
  [1m[35m (108.3ms)[0m  CREATE TABLE `schema_migrations` (`version` varchar(255) NOT NULL) ENGINE=InnoDB
  [1m[36m (232.9ms)[0m  [1mCREATE UNIQUE INDEX `unique_schema_migrations` ON `schema_migrations` (`version`)[0m
  [1m[35m (1.3ms)[0m  SELECT version FROM `schema_migrations`
  [1m[36m (54.3ms)[0m  [1mINSERT INTO `schema_migrations` (version) VALUES ('20120817010300')[0m
  [1m[35m (54.0ms)[0m  INSERT INTO `schema_migrations` (version) VALUES ('20120816083445')
  [1m[36m (0.8ms)[0m  [1mSELECT `schema_migrations`.`version` FROM `schema_migrations` [0m
  [1m[35m (161.4ms)[0m  DROP DATABASE IF EXISTS `xmams_test`
  [1m[36m (0.3ms)[0m  [1mCREATE DATABASE `xmams_test` DEFAULT CHARACTER SET `utf8` COLLATE `utf8_unicode_ci`[0m
  [1m[35m (109.0ms)[0m  CREATE TABLE `posts` (`id` int(11) DEFAULT NULL auto_increment PRIMARY KEY, `title` varchar(255), `body` text, `name` varchar(255), `created_at` datetime NOT NULL, `updated_at` datetime NOT NULL) ENGINE=InnoDB
  [1m[36m (76.3ms)[0m  [1mCREATE TABLE `users` (`id` int(11) DEFAULT NULL auto_increment PRIMARY KEY, `email` varchar(255) DEFAULT '' NOT NULL, `encrypted_password` varchar(255) DEFAULT '' NOT NULL, `reset_password_token` varchar(255), `reset_password_sent_at` datetime, `remember_created_at` datetime, `sign_in_count` int(11) DEFAULT 0, `current_sign_in_at` datetime, `last_sign_in_at` datetime, `current_sign_in_ip` varchar(255), `last_sign_in_ip` varchar(255), `created_at` datetime NOT NULL, `updated_at` datetime NOT NULL, `name` varchar(255), `admin` tinyint(1) DEFAULT 0, `role` mediumint DEFAULT 0) ENGINE=InnoDB[0m
  [1m[35m (240.5ms)[0m  CREATE UNIQUE INDEX `index_users_on_email` ON `users` (`email`)
  [1m[36m (242.5ms)[0m  [1mCREATE UNIQUE INDEX `index_users_on_reset_password_token` ON `users` (`reset_password_token`)[0m
  [1m[35m (93.7ms)[0m  CREATE TABLE `schema_migrations` (`version` varchar(255) NOT NULL) ENGINE=InnoDB
  [1m[36m (188.4ms)[0m  [1mCREATE UNIQUE INDEX `unique_schema_migrations` ON `schema_migrations` (`version`)[0m
  [1m[35m (1.3ms)[0m  SELECT version FROM `schema_migrations`
  [1m[36m (45.9ms)[0m  [1mINSERT INTO `schema_migrations` (version) VALUES ('20120817010300')[0m
  [1m[35m (44.0ms)[0m  INSERT INTO `schema_migrations` (version) VALUES ('20120816083445')
  [1m[36m (0.8ms)[0m  [1mSELECT `schema_migrations`.`version` FROM `schema_migrations` [0m
  [1m[35m (126.7ms)[0m  DROP DATABASE IF EXISTS `xmams_test`
  [1m[36m (0.3ms)[0m  [1mCREATE DATABASE `xmams_test` DEFAULT CHARACTER SET `utf8` COLLATE `utf8_unicode_ci`[0m
  [1m[35m (143.3ms)[0m  CREATE TABLE `posts` (`id` int(11) DEFAULT NULL auto_increment PRIMARY KEY, `title` varchar(255), `body` text, `name` varchar(255), `created_at` datetime NOT NULL, `updated_at` datetime NOT NULL) ENGINE=InnoDB
  [1m[36m (100.6ms)[0m  [1mCREATE TABLE `users` (`id` int(11) DEFAULT NULL auto_increment PRIMARY KEY, `email` varchar(255) DEFAULT '' NOT NULL, `encrypted_password` varchar(255) DEFAULT '' NOT NULL, `reset_password_token` varchar(255), `reset_password_sent_at` datetime, `remember_created_at` datetime, `sign_in_count` int(11) DEFAULT 0, `current_sign_in_at` datetime, `last_sign_in_at` datetime, `current_sign_in_ip` varchar(255), `last_sign_in_ip` varchar(255), `created_at` datetime NOT NULL, `updated_at` datetime NOT NULL, `name` varchar(255), `admin` tinyint(1) DEFAULT 0, `role` mediumint DEFAULT 0) ENGINE=InnoDB[0m
  [1m[35m (248.2ms)[0m  CREATE UNIQUE INDEX `index_users_on_email` ON `users` (`email`)
  [1m[36m (263.6ms)[0m  [1mCREATE UNIQUE INDEX `index_users_on_reset_password_token` ON `users` (`reset_password_token`)[0m
  [1m[35m (106.7ms)[0m  CREATE TABLE `schema_migrations` (`version` varchar(255) NOT NULL) ENGINE=InnoDB
  [1m[36m (244.3ms)[0m  [1mCREATE UNIQUE INDEX `unique_schema_migrations` ON `schema_migrations` (`version`)[0m
  [1m[35m (1.3ms)[0m  SELECT version FROM `schema_migrations`
  [1m[36m (56.4ms)[0m  [1mINSERT INTO `schema_migrations` (version) VALUES ('20120817010300')[0m
  [1m[35m (54.1ms)[0m  INSERT INTO `schema_migrations` (version) VALUES ('20120816083445')
